mode: atomic
github.com/mamal72/golyrics/golyrics.go:17.41,19.2 1 7
github.com/mamal72/golyrics/golyrics.go:21.41,23.16 2 5
github.com/mamal72/golyrics/golyrics.go:26.2,26.41 1 5
github.com/mamal72/golyrics/golyrics.go:23.16,25.3 1 0
github.com/mamal72/golyrics/golyrics.go:29.41,31.2 1 4
github.com/mamal72/golyrics/golyrics.go:33.40,35.2 1 5
github.com/mamal72/golyrics/golyrics.go:37.45,39.2 1 4
github.com/mamal72/golyrics/golyrics.go:43.42,46.16 3 4
github.com/mamal72/golyrics/golyrics.go:49.2,50.16 2 4
github.com/mamal72/golyrics/golyrics.go:54.2,55.102 2 4
github.com/mamal72/golyrics/golyrics.go:65.2,65.20 1 4
github.com/mamal72/golyrics/golyrics.go:46.16,48.3 1 0
github.com/mamal72/golyrics/golyrics.go:50.16,52.3 1 0
github.com/mamal72/golyrics/golyrics.go:55.102,56.19 1 5
github.com/mamal72/golyrics/golyrics.go:59.3,59.36 1 5
github.com/mamal72/golyrics/golyrics.go:62.3,62.54 1 5
github.com/mamal72/golyrics/golyrics.go:56.19,58.4 1 0
github.com/mamal72/golyrics/golyrics.go:59.36,61.4 1 0
github.com/mamal72/golyrics/golyrics.go:70.71,72.2 1 1
github.com/mamal72/golyrics/golyrics.go:76.37,79.16 3 3
github.com/mamal72/golyrics/golyrics.go:83.2,84.16 2 3
github.com/mamal72/golyrics/golyrics.go:88.2,88.39 1 3
github.com/mamal72/golyrics/golyrics.go:79.16,81.3 1 0
github.com/mamal72/golyrics/golyrics.go:84.16,86.3 1 0
github.com/mamal72/golyrics/golyrics.go:93.46,95.27 2 1
github.com/mamal72/golyrics/golyrics.go:98.2,98.34 1 1
github.com/mamal72/golyrics/golyrics.go:95.27,97.3 1 0
github.com/mamal72/golyrics/golyrics.go:103.75,105.27 2 1
github.com/mamal72/golyrics/golyrics.go:108.2,108.34 1 1
github.com/mamal72/golyrics/golyrics.go:105.27,107.3 1 0
